  [1m[35m (38.3ms)[0m  [1m[35mCREATE DATABASE "todolist-app_development" ENCODING = 'unicode'[0m
  ↳ bin/rails:9
  [1m[35m (0.5ms)[0m  [1m[35mCREATE DATABASE "todolist-app_test" ENCODING = 'unicode'[0m
  ↳ bin/rails:9
  [1m[35m (0.2ms)[0m  [1m[34mSELECT pg_try_advisory_lock(34377518426153490)[0m
  ↳ bin/rails:9
  [1m[35m (33.5ms)[0m  [1m[34mSELECT "schema_migrations"."version" FROM "schema_migrations" ORDER BY "schema_migrations"."version" ASC[0m
  ↳ bin/rails:9
Migrating to CreateEmails (20200305090413)
  [1m[35m (0.1ms)[0m  [1m[35mBEGIN[0m
  ↳ bin/rails:9
  [1m[35m (323.5ms)[0m  [1m[35mCREATE TABLE "emails" ("id" bigserial primary key, "object" character varying, "body" text, "created_at" timestamp NOT NULL, "updated_at" timestamp NOT NULL)[0m
  ↳ db/migrate/20200305090413_create_emails.rb:3
  [1m[36mActiveRecord::SchemaMigration Create (0.8ms)[0m  [1m[32mINSERT INTO "schema_migrations" ("version") VALUES ($1) RETURNING "version"[0m  [["version", "20200305090413"]]
  ↳ bin/rails:9
  [1m[35m (29.6ms)[0m  [1m[35mCOMMIT[0m
  ↳ bin/rails:9
Migrating to AddReadToEmail (20200305104449)
  [1m[35m (0.2ms)[0m  [1m[35mBEGIN[0m
  ↳ bin/rails:9
  [1m[35m (0.8ms)[0m  [1m[35mALTER TABLE "emails" ADD "read" boolean DEFAULT FALSE[0m
  ↳ db/migrate/20200305104449_add_read_to_email.rb:3
  [1m[36mActiveRecord::SchemaMigration Create (0.4ms)[0m  [1m[32mINSERT INTO "schema_migrations" ("version") VALUES ($1) RETURNING "version"[0m  [["version", "20200305104449"]]
  ↳ bin/rails:9
  [1m[35m (49.7ms)[0m  [1m[35mCOMMIT[0m
  ↳ bin/rails:9
  [1m[36mActiveRecord::InternalMetadata Load (27.0ms)[0m  [1m[34mSELECT  "ar_internal_metadata".* FROM "ar_internal_metadata" WHERE "ar_internal_metadata"."key" = $1 LIMIT $2[0m  [["key", "environment"], ["LIMIT", 1]]
  ↳ bin/rails:9
  [1m[35m (0.2ms)[0m  [1m[35mBEGIN[0m
  ↳ bin/rails:9
  [1m[35m (0.2ms)[0m  [1m[35mCOMMIT[0m
  ↳ bin/rails:9
  [1m[35m (0.3ms)[0m  [1m[34mSELECT pg_advisory_unlock(34377518426153490)[0m
  ↳ bin/rails:9
  [1m[35m (0.3ms)[0m  [1m[34mSELECT "schema_migrations"."version" FROM "schema_migrations" ORDER BY "schema_migrations"."version" ASC[0m
  ↳ bin/rails:9
  [1m[35m (0.6ms)[0m  [1m[34mSELECT "schema_migrations"."version" FROM "schema_migrations" ORDER BY "schema_migrations"."version" ASC[0m
  ↳ bin/rails:9
  [1m[36mCategory Load (34.6ms)[0m  [1m[34mSELECT "categories".* FROM "categories"[0m
  ↳ db/seeds.rb:8
  [1m[35m (0.2ms)[0m  [1m[35mBEGIN[0m
  ↳ db/seeds.rb:8
  [1m[36mCategory Destroy (0.4ms)[0m  [1m[31mDELETE FROM "categories" WHERE "categories"."id" = $1[0m  [["id", 1]]
  ↳ db/seeds.rb:8
  [1m[35m (18.5ms)[0m  [1m[35mCOMMIT[0m
  ↳ db/seeds.rb:8
  [1m[35m (0.1ms)[0m  [1m[35mBEGIN[0m
  ↳ db/seeds.rb:8
  [1m[36mCategory Destroy (0.4ms)[0m  [1m[31mDELETE FROM "categories" WHERE "categories"."id" = $1[0m  [["id", 2]]
  ↳ db/seeds.rb:8
  [1m[35m (9.4ms)[0m  [1m[35mCOMMIT[0m
  ↳ db/seeds.rb:8
  [1m[35m (0.3ms)[0m  [1m[35mBEGIN[0m
  ↳ db/seeds.rb:8
  [1m[36mCategory Destroy (0.5ms)[0m  [1m[31mDELETE FROM "categories" WHERE "categories"."id" = $1[0m  [["id", 3]]
  ↳ db/seeds.rb:8
  [1m[35m (8.8ms)[0m  [1m[35mCOMMIT[0m
  ↳ db/seeds.rb:8
  [1m[35m (0.2ms)[0m  [1m[35mBEGIN[0m
  ↳ db/seeds.rb:8
  [1m[36mCategory Destroy (0.5ms)[0m  [1m[31mDELETE FROM "categories" WHERE "categories"."id" = $1[0m  [["id", 4]]
  ↳ db/seeds.rb:8
  [1m[35m (8.9ms)[0m  [1m[35mCOMMIT[0m
  ↳ db/seeds.rb:8
  [1m[35m (0.3ms)[0m  [1m[35mBEGIN[0m
  ↳ db/seeds.rb:8
  [1m[36mCategory Destroy (0.5ms)[0m  [1m[31mDELETE FROM "categories" WHERE "categories"."id" = $1[0m  [["id", 5]]
  ↳ db/seeds.rb:8
  [1m[35m (8.5ms)[0m  [1m[35mCOMMIT[0m
  ↳ db/seeds.rb:8
  [1m[35m (0.4ms)[0m  [1m[35mBEGIN[0m
  ↳ db/seeds.rb:8
  [1m[36mCategory Destroy (0.5ms)[0m  [1m[31mDELETE FROM "categories" WHERE "categories"."id" = $1[0m  [["id", 6]]
  ↳ db/seeds.rb:8
  [1m[35m (8.1ms)[0m  [1m[35mCOMMIT[0m
  ↳ db/seeds.rb:8
  [1m[35m (0.3ms)[0m  [1m[35mBEGIN[0m
  ↳ db/seeds.rb:8
  [1m[36mCategory Destroy (0.5ms)[0m  [1m[31mDELETE FROM "categories" WHERE "categories"."id" = $1[0m  [["id", 7]]
  ↳ db/seeds.rb:8
  [1m[35m (8.3ms)[0m  [1m[35mCOMMIT[0m
  ↳ db/seeds.rb:8
  [1m[35m (0.3ms)[0m  [1m[35mBEGIN[0m
  ↳ db/seeds.rb:8
  [1m[36mCategory Destroy (0.6ms)[0m  [1m[31mDELETE FROM "categories" WHERE "categories"."id" = $1[0m  [["id", 8]]
  ↳ db/seeds.rb:8
  [1m[35m (8.4ms)[0m  [1m[35mCOMMIT[0m
  ↳ db/seeds.rb:8
  [1m[35m (0.4ms)[0m  [1m[35mBEGIN[0m
  ↳ db/seeds.rb:8
  [1m[36mCategory Destroy (0.6ms)[0m  [1m[31mDELETE FROM "categories" WHERE "categories"."id" = $1[0m  [["id", 9]]
  ↳ db/seeds.rb:8
  [1m[35m (8.1ms)[0m  [1m[35mCOMMIT[0m
  ↳ db/seeds.rb:8
  [1m[36mTask Load (33.5ms)[0m  [1m[34mSELECT "tasks".* FROM "tasks"[0m
  ↳ db/seeds.rb:9
  [1m[35m (0.2ms)[0m  [1m[35mBEGIN[0m
  ↳ db/seeds.rb:9
  [1m[36mTask Destroy (0.4ms)[0m  [1m[31mDELETE FROM "tasks" WHERE "tasks"."id" = $1[0m  [["id", 1]]
  ↳ db/seeds.rb:9
  [1m[35m (16.4ms)[0m  [1m[35mCOMMIT[0m
  ↳ db/seeds.rb:9
  [1m[35m (0.2ms)[0m  [1m[35mBEGIN[0m
  ↳ db/seeds.rb:9
  [1m[36mTask Destroy (0.4ms)[0m  [1m[31mDELETE FROM "tasks" WHERE "tasks"."id" = $1[0m  [["id", 2]]
  ↳ db/seeds.rb:9
  [1m[35m (9.4ms)[0m  [1m[35mCOMMIT[0m
  ↳ db/seeds.rb:9
  [1m[35m (0.2ms)[0m  [1m[35mBEGIN[0m
  ↳ db/seeds.rb:9
  [1m[36mTask Destroy (0.5ms)[0m  [1m[31mDELETE FROM "tasks" WHERE "tasks"."id" = $1[0m  [["id", 3]]
  ↳ db/seeds.rb:9
  [1m[35m (8.5ms)[0m  [1m[35mCOMMIT[0m
  ↳ db/seeds.rb:9
  [1m[35m (0.1ms)[0m  [1m[35mBEGIN[0m
  ↳ db/seeds.rb:9
  [1m[36mTask Destroy (0.2ms)[0m  [1m[31mDELETE FROM "tasks" WHERE "tasks"."id" = $1[0m  [["id", 4]]
  ↳ db/seeds.rb:9
  [1m[35m (10.1ms)[0m  [1m[35mCOMMIT[0m
  ↳ db/seeds.rb:9
  [1m[35m (0.1ms)[0m  [1m[35mBEGIN[0m
  ↳ db/seeds.rb:9
  [1m[36mTask Destroy (0.2ms)[0m  [1m[31mDELETE FROM "tasks" WHERE "tasks"."id" = $1[0m  [["id", 5]]
  ↳ db/seeds.rb:9
  [1m[35m (10.1ms)[0m  [1m[35mCOMMIT[0m
  ↳ db/seeds.rb:9
  [1m[35m (0.1ms)[0m  [1m[35mBEGIN[0m
  ↳ db/seeds.rb:9
  [1m[36mTask Destroy (0.2ms)[0m  [1m[31mDELETE FROM "tasks" WHERE "tasks"."id" = $1[0m  [["id", 6]]
  ↳ db/seeds.rb:9
  [1m[35m (10.3ms)[0m  [1m[35mCOMMIT[0m
  ↳ db/seeds.rb:9
  [1m[35m (0.1ms)[0m  [1m[35mBEGIN[0m
  ↳ db/seeds.rb:9
  [1m[36mTask Destroy (0.3ms)[0m  [1m[31mDELETE FROM "tasks" WHERE "tasks"."id" = $1[0m  [["id", 7]]
  ↳ db/seeds.rb:9
  [1m[35m (9.8ms)[0m  [1m[35mCOMMIT[0m
  ↳ db/seeds.rb:9
  [1m[35m (0.2ms)[0m  [1m[35mBEGIN[0m
  ↳ db/seeds.rb:9
  [1m[36mTask Destroy (0.4ms)[0m  [1m[31mDELETE FROM "tasks" WHERE "tasks"."id" = $1[0m  [["id", 8]]
  ↳ db/seeds.rb:9
  [1m[35m (9.4ms)[0m  [1m[35mCOMMIT[0m
  ↳ db/seeds.rb:9
  [1m[35m (0.2ms)[0m  [1m[35mBEGIN[0m
  ↳ db/seeds.rb:9
  [1m[36mTask Destroy (0.5ms)[0m  [1m[31mDELETE FROM "tasks" WHERE "tasks"."id" = $1[0m  [["id", 9]]
  ↳ db/seeds.rb:9
  [1m[35m (8.8ms)[0m  [1m[35mCOMMIT[0m
  ↳ db/seeds.rb:9
  [1m[35m (0.2ms)[0m  [1m[35mBEGIN[0m
  ↳ db/seeds.rb:9
  [1m[36mTask Destroy (0.5ms)[0m  [1m[31mDELETE FROM "tasks" WHERE "tasks"."id" = $1[0m  [["id", 10]]
  ↳ db/seeds.rb:9
  [1m[35m (8.8ms)[0m  [1m[35mCOMMIT[0m
  ↳ db/seeds.rb:9
  [1m[35m (0.2ms)[0m  [1m[35mBEGIN[0m
  ↳ db/seeds.rb:9
  [1m[36mTask Destroy (0.5ms)[0m  [1m[31mDELETE FROM "tasks" WHERE "tasks"."id" = $1[0m  [["id", 11]]
  ↳ db/seeds.rb:9
  [1m[35m (8.7ms)[0m  [1m[35mCOMMIT[0m
  ↳ db/seeds.rb:9
  [1m[35m (0.2ms)[0m  [1m[35mBEGIN[0m
  ↳ db/seeds.rb:9
  [1m[36mTask Destroy (0.5ms)[0m  [1m[31mDELETE FROM "tasks" WHERE "tasks"."id" = $1[0m  [["id", 12]]
  ↳ db/seeds.rb:9
  [1m[35m (8.7ms)[0m  [1m[35mCOMMIT[0m
  ↳ db/seeds.rb:9
  [1m[35m (0.2ms)[0m  [1m[35mBEGIN[0m
  ↳ db/seeds.rb:9
  [1m[36mTask Destroy (0.5ms)[0m  [1m[31mDELETE FROM "tasks" WHERE "tasks"."id" = $1[0m  [["id", 13]]
  ↳ db/seeds.rb:9
  [1m[35m (8.4ms)[0m  [1m[35mCOMMIT[0m
  ↳ db/seeds.rb:9
  [1m[35m (0.2ms)[0m  [1m[35mBEGIN[0m
  ↳ db/seeds.rb:9
  [1m[36mTask Destroy (0.3ms)[0m  [1m[31mDELETE FROM "tasks" WHERE "tasks"."id" = $1[0m  [["id", 14]]
  ↳ db/seeds.rb:9
  [1m[35m (9.3ms)[0m  [1m[35mCOMMIT[0m
  ↳ db/seeds.rb:9
  [1m[35m (0.2ms)[0m  [1m[35mBEGIN[0m
  ↳ db/seeds.rb:9
  [1m[36mTask Destroy (0.3ms)[0m  [1m[31mDELETE FROM "tasks" WHERE "tasks"."id" = $1[0m  [["id", 15]]
  ↳ db/seeds.rb:9
  [1m[35m (9.8ms)[0m  [1m[35mCOMMIT[0m
  ↳ db/seeds.rb:9
  [1m[35m (0.1ms)[0m  [1m[35mBEGIN[0m
  ↳ db/seeds.rb:9
  [1m[36mTask Destroy (0.3ms)[0m  [1m[31mDELETE FROM "tasks" WHERE "tasks"."id" = $1[0m  [["id", 16]]
  ↳ db/seeds.rb:9
  [1m[35m (9.9ms)[0m  [1m[35mCOMMIT[0m
  ↳ db/seeds.rb:9
  [1m[35m (0.2ms)[0m  [1m[35mBEGIN[0m
  ↳ db/seeds.rb:9
  [1m[36mTask Destroy (0.3ms)[0m  [1m[31mDELETE FROM "tasks" WHERE "tasks"."id" = $1[0m  [["id", 17]]
  ↳ db/seeds.rb:9
  [1m[35m (9.2ms)[0m  [1m[35mCOMMIT[0m
  ↳ db/seeds.rb:9
  [1m[35m (0.1ms)[0m  [1m[35mBEGIN[0m
  ↳ db/seeds.rb:9
  [1m[36mTask Destroy (0.4ms)[0m  [1m[31mDELETE FROM "tasks" WHERE "tasks"."id" = $1[0m  [["id", 18]]
  ↳ db/seeds.rb:9
  [1m[35m (9.3ms)[0m  [1m[35mCOMMIT[0m
  ↳ db/seeds.rb:9
  [1m[35m (0.2ms)[0m  [1m[35mBEGIN[0m
  ↳ db/seeds.rb:9
  [1m[36mTask Destroy (0.5ms)[0m  [1m[31mDELETE FROM "tasks" WHERE "tasks"."id" = $1[0m  [["id", 19]]
  ↳ db/seeds.rb:9
  [1m[35m (8.8ms)[0m  [1m[35mCOMMIT[0m
  ↳ db/seeds.rb:9
  [1m[35m (0.2ms)[0m  [1m[35mBEGIN[0m
  ↳ db/seeds.rb:9
  [1m[36mTask Destroy (0.5ms)[0m  [1m[31mDELETE FROM "tasks" WHERE "tasks"."id" = $1[0m  [["id", 20]]
  ↳ db/seeds.rb:9
  [1m[35m (8.7ms)[0m  [1m[35mCOMMIT[0m
  ↳ db/seeds.rb:9
  [1m[35m (0.2ms)[0m  [1m[35mBEGIN[0m
  ↳ db/seeds.rb:9
  [1m[36mTask Destroy (0.5ms)[0m  [1m[31mDELETE FROM "tasks" WHERE "tasks"."id" = $1[0m  [["id", 21]]
  ↳ db/seeds.rb:9
  [1m[35m (8.5ms)[0m  [1m[35mCOMMIT[0m
  ↳ db/seeds.rb:9
  [1m[35m (0.2ms)[0m  [1m[35mBEGIN[0m
  ↳ db/seeds.rb:9
  [1m[36mTask Destroy (0.5ms)[0m  [1m[31mDELETE FROM "tasks" WHERE "tasks"."id" = $1[0m  [["id", 22]]
  ↳ db/seeds.rb:9
  [1m[35m (8.6ms)[0m  [1m[35mCOMMIT[0m
  ↳ db/seeds.rb:9
  [1m[35m (0.2ms)[0m  [1m[35mBEGIN[0m
  ↳ db/seeds.rb:9
  [1m[36mTask Destroy (0.6ms)[0m  [1m[31mDELETE FROM "tasks" WHERE "tasks"."id" = $1[0m  [["id", 23]]
  ↳ db/seeds.rb:9
  [1m[35m (8.3ms)[0m  [1m[35mCOMMIT[0m
  ↳ db/seeds.rb:9
  [1m[35m (0.2ms)[0m  [1m[35mBEGIN[0m
  ↳ db/seeds.rb:9
  [1m[36mTask Destroy (0.5ms)[0m  [1m[31mDELETE FROM "tasks" WHERE "tasks"."id" = $1[0m  [["id", 24]]
  ↳ db/seeds.rb:9
  [1m[35m (8.5ms)[0m  [1m[35mCOMMIT[0m
  ↳ db/seeds.rb:9
  [1m[35m (0.2ms)[0m  [1m[35mBEGIN[0m
  ↳ db/seeds.rb:9
  [1m[36mTask Destroy (0.5ms)[0m  [1m[31mDELETE FROM "tasks" WHERE "tasks"."id" = $1[0m  [["id", 25]]
  ↳ db/seeds.rb:9
  [1m[35m (8.8ms)[0m  [1m[35mCOMMIT[0m
  ↳ db/seeds.rb:9
  [1m[35m (0.3ms)[0m  [1m[35mBEGIN[0m
  ↳ db/seeds.rb:9
  [1m[36mTask Destroy (0.6ms)[0m  [1m[31mDELETE FROM "tasks" WHERE "tasks"."id" = $1[0m  [["id", 26]]
  ↳ db/seeds.rb:9
  [1m[35m (8.2ms)[0m  [1m[35mCOMMIT[0m
  ↳ db/seeds.rb:9
  [1m[35m (0.4ms)[0m  [1m[35mBEGIN[0m
  ↳ db/seeds.rb:9
  [1m[36mTask Destroy (0.6ms)[0m  [1m[31mDELETE FROM "tasks" WHERE "tasks"."id" = $1[0m  [["id", 27]]
  ↳ db/seeds.rb:9
  [1m[35m (8.0ms)[0m  [1m[35mCOMMIT[0m
  ↳ db/seeds.rb:9
  [1m[35m (0.3ms)[0m  [1m[35mBEGIN[0m
  ↳ db/seeds.rb:9
  [1m[36mTask Destroy (0.7ms)[0m  [1m[31mDELETE FROM "tasks" WHERE "tasks"."id" = $1[0m  [["id", 28]]
  ↳ db/seeds.rb:9
  [1m[35m (8.1ms)[0m  [1m[35mCOMMIT[0m
  ↳ db/seeds.rb:9
  [1m[35m (0.3ms)[0m  [1m[35mBEGIN[0m
  ↳ db/seeds.rb:9
  [1m[36mTask Destroy (0.6ms)[0m  [1m[31mDELETE FROM "tasks" WHERE "tasks"."id" = $1[0m  [["id", 29]]
  ↳ db/seeds.rb:9
  [1m[35m (8.2ms)[0m  [1m[35mCOMMIT[0m
  ↳ db/seeds.rb:9
  [1m[35m (0.3ms)[0m  [1m[35mBEGIN[0m
  ↳ db/seeds.rb:9
  [1m[36mTask Destroy (0.6ms)[0m  [1m[31mDELETE FROM "tasks" WHERE "tasks"."id" = $1[0m  [["id", 30]]
  ↳ db/seeds.rb:9
  [1m[35m (8.0ms)[0m  [1m[35mCOMMIT[0m
  ↳ db/seeds.rb:9
  [1m[35m (0.3ms)[0m  [1m[35mBEGIN[0m
  ↳ db/seeds.rb:9
  [1m[36mTask Destroy (0.6ms)[0m  [1m[31mDELETE FROM "tasks" WHERE "tasks"."id" = $1[0m  [["id", 31]]
  ↳ db/seeds.rb:9
  [1m[35m (8.1ms)[0m  [1m[35mCOMMIT[0m
  ↳ db/seeds.rb:9
  [1m[35m (0.3ms)[0m  [1m[35mBEGIN[0m
  ↳ db/seeds.rb:9
  [1m[36mTask Destroy (0.5ms)[0m  [1m[31mDELETE FROM "tasks" WHERE "tasks"."id" = $1[0m  [["id", 32]]
  ↳ db/seeds.rb:9
  [1m[35m (8.4ms)[0m  [1m[35mCOMMIT[0m
  ↳ db/seeds.rb:9
  [1m[35m (0.3ms)[0m  [1m[35mBEGIN[0m
  ↳ db/seeds.rb:9
  [1m[36mTask Destroy (0.6ms)[0m  [1m[31mDELETE FROM "tasks" WHERE "tasks"."id" = $1[0m  [["id", 33]]
  ↳ db/seeds.rb:9
  [1m[35m (8.3ms)[0m  [1m[35mCOMMIT[0m
  ↳ db/seeds.rb:9
  [1m[35m (0.3ms)[0m  [1m[35mBEGIN[0m
  ↳ db/seeds.rb:9
  [1m[36mTask Destroy (0.6ms)[0m  [1m[31mDELETE FROM "tasks" WHERE "tasks"."id" = $1[0m  [["id", 34]]
  ↳ db/seeds.rb:9
  [1m[35m (8.5ms)[0m  [1m[35mCOMMIT[0m
  ↳ db/seeds.rb:9
  [1m[35m (0.3ms)[0m  [1m[35mBEGIN[0m
  ↳ db/seeds.rb:9
  [1m[36mTask Destroy (0.6ms)[0m  [1m[31mDELETE FROM "tasks" WHERE "tasks"."id" = $1[0m  [["id", 35]]
  ↳ db/seeds.rb:9
  [1m[35m (8.1ms)[0m  [1m[35mCOMMIT[0m
  ↳ db/seeds.rb:9
  [1m[35m (0.3ms)[0m  [1m[35mBEGIN[0m
  ↳ db/seeds.rb:9
  [1m[36mTask Destroy (0.5ms)[0m  [1m[31mDELETE FROM "tasks" WHERE "tasks"."id" = $1[0m  [["id", 36]]
  ↳ db/seeds.rb:9
  [1m[35m (8.0ms)[0m  [1m[35mCOMMIT[0m
  ↳ db/seeds.rb:9
  [1m[35m (0.2ms)[0m  [1m[35mBEGIN[0m
  ↳ db/seeds.rb:9
  [1m[36mTask Destroy (0.4ms)[0m  [1m[31mDELETE FROM "tasks" WHERE "tasks"."id" = $1[0m  [["id", 37]]
  ↳ db/seeds.rb:9
  [1m[35m (9.3ms)[0m  [1m[35mCOMMIT[0m
  ↳ db/seeds.rb:9
  [1m[35m (0.3ms)[0m  [1m[35mBEGIN[0m
  ↳ db/seeds.rb:9
  [1m[36mTask Destroy (0.6ms)[0m  [1m[31mDELETE FROM "tasks" WHERE "tasks"."id" = $1[0m  [["id", 38]]
  ↳ db/seeds.rb:9
  [1m[35m (8.1ms)[0m  [1m[35mCOMMIT[0m
  ↳ db/seeds.rb:9
  [1m[35m (0.2ms)[0m  [1m[35mBEGIN[0m
  ↳ db/seeds.rb:9
  [1m[36mTask Destroy (0.4ms)[0m  [1m[31mDELETE FROM "tasks" WHERE "tasks"."id" = $1[0m  [["id", 39]]
  ↳ db/seeds.rb:9
  [1m[35m (8.7ms)[0m  [1m[35mCOMMIT[0m
  ↳ db/seeds.rb:9
  [1m[35m (0.2ms)[0m  [1m[35mBEGIN[0m
  ↳ db/seeds.rb:9
  [1m[36mTask Destroy (0.5ms)[0m  [1m[31mDELETE FROM "tasks" WHERE "tasks"."id" = $1[0m  [["id", 40]]
  ↳ db/seeds.rb:9
  [1m[35m (9.0ms)[0m  [1m[35mCOMMIT[0m
  ↳ db/seeds.rb:9
  [1m[35m (0.3ms)[0m  [1m[35mBEGIN[0m
  ↳ db/seeds.rb:9
  [1m[36mTask Destroy (0.5ms)[0m  [1m[31mDELETE FROM "tasks" WHERE "tasks"."id" = $1[0m  [["id", 41]]
  ↳ db/seeds.rb:9
  [1m[35m (8.7ms)[0m  [1m[35mCOMMIT[0m
  ↳ db/seeds.rb:9
  [1m[35m (0.3ms)[0m  [1m[35mBEGIN[0m
  ↳ db/seeds.rb:9
  [1m[36mTask Destroy (0.6ms)[0m  [1m[31mDELETE FROM "tasks" WHERE "tasks"."id" = $1[0m  [["id", 42]]
  ↳ db/seeds.rb:9
  [1m[35m (8.5ms)[0m  [1m[35mCOMMIT[0m
  ↳ db/seeds.rb:9
  [1m[35m (0.3ms)[0m  [1m[35mBEGIN[0m
  ↳ db/seeds.rb:9
  [1m[36mTask Destroy (0.6ms)[0m  [1m[31mDELETE FROM "tasks" WHERE "tasks"."id" = $1[0m  [["id", 43]]
  ↳ db/seeds.rb:9
  [1m[35m (8.2ms)[0m  [1m[35mCOMMIT[0m
  ↳ db/seeds.rb:9
  [1m[35m (0.3ms)[0m  [1m[35mBEGIN[0m
  ↳ db/seeds.rb:9
  [1m[36mTask Destroy (0.6ms)[0m  [1m[31mDELETE FROM "tasks" WHERE "tasks"."id" = $1[0m  [["id", 44]]
  ↳ db/seeds.rb:9
  [1m[35m (8.2ms)[0m  [1m[35mCOMMIT[0m
  ↳ db/seeds.rb:9
  [1m[35m (0.3ms)[0m  [1m[35mBEGIN[0m
  ↳ db/seeds.rb:9
  [1m[36mTask Destroy (0.6ms)[0m  [1m[31mDELETE FROM "tasks" WHERE "tasks"."id" = $1[0m  [["id", 45]]
  ↳ db/seeds.rb:9
  [1m[35m (8.1ms)[0m  [1m[35mCOMMIT[0m
  ↳ db/seeds.rb:9
  [1m[35m (0.3ms)[0m  [1m[35mBEGIN[0m
  ↳ db/seeds.rb:9
  [1m[36mTask Destroy (0.5ms)[0m  [1m[31mDELETE FROM "tasks" WHERE "tasks"."id" = $1[0m  [["id", 46]]
  ↳ db/seeds.rb:9
  [1m[35m (8.5ms)[0m  [1m[35mCOMMIT[0m
  ↳ db/seeds.rb:9
  [1m[35m (0.2ms)[0m  [1m[35mBEGIN[0m
  ↳ db/seeds.rb:9
  [1m[36mTask Destroy (0.5ms)[0m  [1m[31mDELETE FROM "tasks" WHERE "tasks"."id" = $1[0m  [["id", 47]]
  ↳ db/seeds.rb:9
  [1m[35m (8.4ms)[0m  [1m[35mCOMMIT[0m
  ↳ db/seeds.rb:9
  [1m[35m (0.3ms)[0m  [1m[35mBEGIN[0m
  ↳ db/seeds.rb:9
  [1m[36mTask Destroy (0.7ms)[0m  [1m[31mDELETE FROM "tasks" WHERE "tasks"."id" = $1[0m  [["id", 48]]
  ↳ db/seeds.rb:9
  [1m[35m (8.3ms)[0m  [1m[35mCOMMIT[0m
  ↳ db/seeds.rb:9
  [1m[35m (0.3ms)[0m  [1m[35mBEGIN[0m
  ↳ db/seeds.rb:9
  [1m[36mTask Destroy (0.6ms)[0m  [1m[31mDELETE FROM "tasks" WHERE "tasks"."id" = $1[0m  [["id", 49]]
  ↳ db/seeds.rb:9
  [1m[35m (8.0ms)[0m  [1m[35mCOMMIT[0m
  ↳ db/seeds.rb:9
  [1m[35m (0.2ms)[0m  [1m[35mBEGIN[0m
  ↳ db/seeds.rb:9
  [1m[36mTask Destroy (0.4ms)[0m  [1m[31mDELETE FROM "tasks" WHERE "tasks"."id" = $1[0m  [["id", 50]]
  ↳ db/seeds.rb:9
  [1m[35m (9.2ms)[0m  [1m[35mCOMMIT[0m
  ↳ db/seeds.rb:9
  [1m[35m (0.2ms)[0m  [1m[35mBEGIN[0m
  ↳ db/seeds.rb:9
  [1m[36mTask Destroy (0.4ms)[0m  [1m[31mDELETE FROM "tasks" WHERE "tasks"."id" = $1[0m  [["id", 51]]
  ↳ db/seeds.rb:9
  [1m[35m (9.8ms)[0m  [1m[35mCOMMIT[0m
  ↳ db/seeds.rb:9
  [1m[35m (0.3ms)[0m  [1m[35mBEGIN[0m
  ↳ db/seeds.rb:9
  [1m[36mTask Destroy (0.5ms)[0m  [1m[31mDELETE FROM "tasks" WHERE "tasks"."id" = $1[0m  [["id", 52]]
  ↳ db/seeds.rb:9
  [1m[35m (8.9ms)[0m  [1m[35mCOMMIT[0m
  ↳ db/seeds.rb:9
  [1m[36mEmail Load (0.9ms)[0m  [1m[34mSELECT "emails".* FROM "emails"[0m
  ↳ db/seeds.rb:10
  [1m[35m (0.1ms)[0m  [1m[35mBEGIN[0m
  ↳ db/seeds.rb:14
  [1m[36mCategory Create (54.6ms)[0m  [1m[32mINSERT INTO "categories" ("title", "created_at", "updated_at") VALUES ($1, $2, $3) RETURNING "id"[0m  [["title", "Humor"], ["created_at", "2020-05-28 20:40:45.836046"], ["updated_at", "2020-05-28 20:40:45.836046"]]
  ↳ db/seeds.rb:14
  [1m[35m (14.2ms)[0m  [1m[35mCOMMIT[0m
  ↳ db/seeds.rb:14
  [1m[35m (0.1ms)[0m  [1m[35mBEGIN[0m
  ↳ db/seeds.rb:20
  [1m[36mTask Create (14.4ms)[0m  [1m[32mINSERT INTO "tasks" ("created_at", "updated_at", "title", "deadline", "category_id", "image") VALUES ($1, $2, $3, $4, $5, $6) RETURNING "id"[0m  [["created_at", "2020-05-28 20:40:45.931068"], ["updated_at", "2020-05-28 20:40:45.931068"], ["title", "Wildfire at Midnight"], ["deadline", "2020-05-31 00:00:00"], ["category_id", 10], ["image", "https://robohash.org/quisimiliquein.png?size=300x300&set=set1"]]
  ↳ db/seeds.rb:20
  [1m[35m (25.7ms)[0m  [1m[35mCOMMIT[0m
  ↳ db/seeds.rb:20
  [1m[35m (0.1ms)[0m  [1m[35mBEGIN[0m
  ↳ db/seeds.rb:20
  [1m[36mTask Create (0.3ms)[0m  [1m[32mINSERT INTO "tasks" ("created_at", "updated_at", "title", "deadline", "category_id", "image") VALUES ($1, $2, $3, $4, $5, $6) RETURNING "id"[0m  [["created_at", "2020-05-28 20:40:45.973438"], ["updated_at", "2020-05-28 20:40:45.973438"], ["title", "Cover Her Face"], ["deadline", "2020-06-11 00:00:00"], ["category_id", 10], ["image", "https://robohash.org/enimofficiiset.png?size=300x300&set=set1"]]
  ↳ db/seeds.rb:20
  [1m[35m (9.2ms)[0m  [1m[35mCOMMIT[0m
  ↳ db/seeds.rb:20
  [1m[35m (0.1ms)[0m  [1m[35mBEGIN[0m
  ↳ db/seeds.rb:20
  [1m[36mTask Create (0.3ms)[0m  [1m[32mINSERT INTO "tasks" ("created_at", "updated_at", "title", "deadline", "category_id", "image") VALUES ($1, $2, $3, $4, $5, $6) RETURNING "id"[0m  [["created_at", "2020-05-28 20:40:45.984723"], ["updated_at", "2020-05-28 20:40:45.984723"], ["title", "The Line of Beauty"], ["deadline", "2020-06-06 00:00:00"], ["category_id", 10], ["image", "https://robohash.org/sitaccusamusesse.png?size=300x300&set=set1"]]
  ↳ db/seeds.rb:20
  [1m[35m (8.8ms)[0m  [1m[35mCOMMIT[0m
  ↳ db/seeds.rb:20
  [1m[35m (0.1ms)[0m  [1m[35mBEGIN[0m
  ↳ db/seeds.rb:14
  [1m[36mCategory Create (0.3ms)[0m  [1m[32mINSERT INTO "categories" ("title", "created_at", "updated_at") VALUES ($1, $2, $3) RETURNING "id"[0m  [["title", "Fairy tale"], ["created_at", "2020-05-28 20:40:45.995536"], ["updated_at", "2020-05-28 20:40:45.995536"]]
  ↳ db/seeds.rb:14
  [1m[35m (9.1ms)[0m  [1m[35mCOMMIT[0m
  ↳ db/seeds.rb:14
  [1m[35m (0.1ms)[0m  [1m[35mBEGIN[0m
  ↳ db/seeds.rb:20
  [1m[36mTask Create (0.4ms)[0m  [1m[32mINSERT INTO "tasks" ("created_at", "updated_at", "title", "deadline", "category_id", "image") VALUES ($1, $2, $3, $4, $5, $6) RETURNING "id"[0m  [["created_at", "2020-05-28 20:40:46.007257"], ["updated_at", "2020-05-28 20:40:46.007257"], ["title", "Jesting Pilate"], ["deadline", "2020-06-16 00:00:00"], ["category_id", 11], ["image", "https://robohash.org/suscipitadquod.png?size=300x300&set=set1"]]
  ↳ db/seeds.rb:20
  [1m[35m (8.3ms)[0m  [1m[35mCOMMIT[0m
  ↳ db/seeds.rb:20
  [1m[35m (0.2ms)[0m  [1m[35mBEGIN[0m
  ↳ db/seeds.rb:20
  [1m[36mTask Create (0.4ms)[0m  [1m[32mINSERT INTO "tasks" ("created_at", "updated_at", "title", "deadline", "category_id", "image") VALUES ($1, $2, $3, $4, $5, $6) RETURNING "id"[0m  [["created_at", "2020-05-28 20:40:46.018717"], ["updated_at", "2020-05-28 20:40:46.018717"], ["title", "Sleep the Brave"], ["deadline", "2020-05-31 00:00:00"], ["category_id", 11], ["image", "https://robohash.org/quoofficiistenetur.png?size=300x300&set=set1"]]
  ↳ db/seeds.rb:20
  [1m[35m (7.6ms)[0m  [1m[35mCOMMIT[0m
  ↳ db/seeds.rb:20
  [1m[35m (0.2ms)[0m  [1m[35mBEGIN[0m
  ↳ db/seeds.rb:20
  [1m[36mTask Create (0.5ms)[0m  [1m[32mINSERT INTO "tasks" ("created_at", "updated_at", "title", "deadline", "category_id", "image") VALUES ($1, $2, $3, $4, $5, $6) RETURNING "id"[0m  [["created_at", "2020-05-28 20:40:46.029760"], ["updated_at", "2020-05-28 20:40:46.029760"], ["title", "Time of our Darkness"], ["deadline", "2020-06-11 00:00:00"], ["category_id", 11], ["image", "https://robohash.org/odioidatque.png?size=300x300&set=set1"]]
  ↳ db/seeds.rb:20
  [1m[35m (7.5ms)[0m  [1m[35mCOMMIT[0m
  ↳ db/seeds.rb:20
  [1m[35m (0.2ms)[0m  [1m[35mBEGIN[0m
  ↳ db/seeds.rb:14
  [1m[36mCategory Create (0.4ms)[0m  [1m[32mINSERT INTO "categories" ("title", "created_at", "updated_at") VALUES ($1, $2, $3) RETURNING "id"[0m  [["title", "Humor"], ["created_at", "2020-05-28 20:40:46.040671"], ["updated_at", "2020-05-28 20:40:46.040671"]]
  ↳ db/seeds.rb:14
  [1m[35m (8.0ms)[0m  [1m[35mCOMMIT[0m
  ↳ db/seeds.rb:14
  [1m[35m (0.2ms)[0m  [1m[35mBEGIN[0m
  ↳ db/seeds.rb:20
  [1m[36mTask Create (0.6ms)[0m  [1m[32mINSERT INTO "tasks" ("created_at", "updated_at", "title", "deadline", "category_id", "image") VALUES ($1, $2, $3, $4, $5, $6) RETURNING "id"[0m  [["created_at", "2020-05-28 20:40:46.052699"], ["updated_at", "2020-05-28 20:40:46.052699"], ["title", "Look Homeward, Angel"], ["deadline", "2020-06-13 00:00:00"], ["category_id", 12], ["image", "https://robohash.org/repellatquirecusandae.png?size=300x300&set=set1"]]
  ↳ db/seeds.rb:20
  [1m[35m (6.3ms)[0m  [1m[35mCOMMIT[0m
  ↳ db/seeds.rb:20
  [1m[35m (0.1ms)[0m  [1m[35mBEGIN[0m
  ↳ db/seeds.rb:20
  [1m[36mTask Create (0.3ms)[0m  [1m[32mINSERT INTO "tasks" ("created_at", "updated_at", "title", "deadline", "category_id", "image") VALUES ($1, $2, $3, $4, $5, $6) RETURNING "id"[0m  [["created_at", "2020-05-28 20:40:46.063017"], ["updated_at", "2020-05-28 20:40:46.063017"], ["title", "The Sun Also Rises"], ["deadline", "2020-06-10 00:00:00"], ["category_id", 12], ["image", "https://robohash.org/autaspernaturrepudiandae.png?size=300x300&set=set1"]]
  ↳ db/seeds.rb:20
  [1m[35m (8.1ms)[0m  [1m[35mCOMMIT[0m
  ↳ db/seeds.rb:20
  [1m[35m (0.2ms)[0m  [1m[35mBEGIN[0m
  ↳ db/seeds.rb:20
  [1m[36mTask Create (0.4ms)[0m  [1m[32mINSERT INTO "tasks" ("created_at", "updated_at", "title", "deadline", "category_id", "image") VALUES ($1, $2, $3, $4, $5, $6) RETURNING "id"[0m  [["created_at", "2020-05-28 20:40:46.073872"], ["updated_at", "2020-05-28 20:40:46.073872"], ["title", "The Mermaids Singing"], ["deadline", "2020-06-04 00:00:00"], ["category_id", 12], ["image", "https://robohash.org/nonnisivel.png?size=300x300&set=set1"]]
  ↳ db/seeds.rb:20
  [1m[35m (7.9ms)[0m  [1m[35mCOMMIT[0m
  ↳ db/seeds.rb:20
  [1m[35m (0.2ms)[0m  [1m[35mBEGIN[0m
  ↳ db/seeds.rb:25
  [1m[36mEmail Create (0.5ms)[0m  [1m[32mINSERT INTO "emails" ("object", "body", "created_at", "updated_at") VALUES ($1, $2, $3, $4) RETURNING "id"[0m  [["object", "A Monstrous Regiment of Women"], ["body", "Vel consequatur odit. Ea vero esse. Sed omnis repellat."], ["created_at", "2020-05-28 20:40:46.096604"], ["updated_at", "2020-05-28 20:40:46.096604"]]
  ↳ db/seeds.rb:25
  [1m[35m (7.7ms)[0m  [1m[35mCOMMIT[0m
  ↳ db/seeds.rb:25
  [1m[35m (0.1ms)[0m  [1m[35mBEGIN[0m
  ↳ db/seeds.rb:25
  [1m[36mEmail Create (0.2ms)[0m  [1m[32mINSERT INTO "emails" ("object", "body", "created_at", "updated_at") VALUES ($1, $2, $3, $4) RETURNING "id"[0m  [["object", "When the Green Woods Laugh"], ["body", "Vel quam fugiat. Neque asperiores itaque. Optio aliquid consequuntur."], ["created_at", "2020-05-28 20:40:46.106763"], ["updated_at", "2020-05-28 20:40:46.106763"]]
  ↳ db/seeds.rb:25
  [1m[35m (9.1ms)[0m  [1m[35mCOMMIT[0m
  ↳ db/seeds.rb:25
  [1m[35m (0.1ms)[0m  [1m[35mBEGIN[0m
  ↳ db/seeds.rb:25
  [1m[36mEmail Create (0.4ms)[0m  [1m[32mINSERT INTO "emails" ("object", "body", "created_at", "updated_at") VALUES ($1, $2, $3, $4) RETURNING "id"[0m  [["object", "Vanity Fair"], ["body", "Reiciendis quia optio. Modi repellat ut. Accusamus ad quod."], ["created_at", "2020-05-28 20:40:46.118127"], ["updated_at", "2020-05-28 20:40:46.118127"]]
  ↳ db/seeds.rb:25
  [1m[35m (8.4ms)[0m  [1m[35mCOMMIT[0m
  ↳ db/seeds.rb:25
  [1m[35m (0.2ms)[0m  [1m[35mBEGIN[0m
  ↳ db/seeds.rb:25
  [1m[36mEmail Create (0.5ms)[0m  [1m[32mINSERT INTO "emails" ("object", "body", "created_at", "updated_at") VALUES ($1, $2, $3, $4) RETURNING "id"[0m  [["object", "Clouds of Witness"], ["body", "Nobis libero est. Quo sed aut. Quia id quam."], ["created_at", "2020-05-28 20:40:46.129542"], ["updated_at", "2020-05-28 20:40:46.129542"]]
  ↳ db/seeds.rb:25
  [1m[35m (7.6ms)[0m  [1m[35mCOMMIT[0m
  ↳ db/seeds.rb:25
  [1m[35m (0.2ms)[0m  [1m[35mBEGIN[0m
  ↳ db/seeds.rb:25
  [1m[36mEmail Create (0.5ms)[0m  [1m[32mINSERT INTO "emails" ("object", "body", "created_at", "updated_at") VALUES ($1, $2, $3, $4) RETURNING "id"[0m  [["object", "Lilies of the Field"], ["body", "Enim nobis ut. Recusandae fugit autem. Rerum et officia."], ["created_at", "2020-05-28 20:40:46.140758"], ["updated_at", "2020-05-28 20:40:46.140758"]]
  ↳ db/seeds.rb:25
  [1m[35m (7.8ms)[0m  [1m[35mCOMMIT[0m
  ↳ db/seeds.rb:25
  [1m[35m (0.2ms)[0m  [1m[35mBEGIN[0m
  ↳ db/seeds.rb:25
  [1m[36mEmail Create (0.5ms)[0m  [1m[32mINSERT INTO "emails" ("object", "body", "created_at", "updated_at") VALUES ($1, $2, $3, $4) RETURNING "id"[0m  [["object", "In a Glass Darkly"], ["body", "Enim sunt dolor. Ut laborum et. Ut tempore at."], ["created_at", "2020-05-28 20:40:46.151978"], ["updated_at", "2020-05-28 20:40:46.151978"]]
  ↳ db/seeds.rb:25
  [1m[35m (7.6ms)[0m  [1m[35mCOMMIT[0m
  ↳ db/seeds.rb:25
  [1m[35m (0.2ms)[0m  [1m[35mBEGIN[0m
  ↳ db/seeds.rb:25
  [1m[36mEmail Create (0.5ms)[0m  [1m[32mINSERT INTO "emails" ("object", "body", "created_at", "updated_at") VALUES ($1, $2, $3, $4) RETURNING "id"[0m  [["object", "The Wives of Bath"], ["body", "Quidem consequuntur natus. Laborum quia et. Inventore commodi totam."], ["created_at", "2020-05-28 20:40:46.163170"], ["updated_at", "2020-05-28 20:40:46.163170"]]
  ↳ db/seeds.rb:25
  [1m[35m (7.3ms)[0m  [1m[35mCOMMIT[0m
  ↳ db/seeds.rb:25
  [1m[35m (0.2ms)[0m  [1m[35mBEGIN[0m
  ↳ db/seeds.rb:25
  [1m[36mEmail Create (0.4ms)[0m  [1m[32mINSERT INTO "emails" ("object", "body", "created_at", "updated_at") VALUES ($1, $2, $3, $4) RETURNING "id"[0m  [["object", "The Far-Distant Oxus"], ["body", "Itaque possimus ad. Quis eos est. Unde enim sed."], ["created_at", "2020-05-28 20:40:46.174293"], ["updated_at", "2020-05-28 20:40:46.174293"]]
  ↳ db/seeds.rb:25
  [1m[35m (7.6ms)[0m  [1m[35mCOMMIT[0m
  ↳ db/seeds.rb:25
  [1m[35m (0.2ms)[0m  [1m[35mBEGIN[0m
  ↳ db/seeds.rb:25
  [1m[36mEmail Create (0.5ms)[0m  [1m[32mINSERT INTO "emails" ("object", "body", "created_at", "updated_at") VALUES ($1, $2, $3, $4) RETURNING "id"[0m  [["object", "I Sing the Body Electric"], ["body", "Enim adipisci dolorem. Aut perferendis temporibus. Hic et consequatur."], ["created_at", "2020-05-28 20:40:46.185012"], ["updated_at", "2020-05-28 20:40:46.185012"]]
  ↳ db/seeds.rb:25
  [1m[35m (7.6ms)[0m  [1m[35mCOMMIT[0m
  ↳ db/seeds.rb:25
  [1m[35m (0.2ms)[0m  [1m[35mBEGIN[0m
  ↳ db/seeds.rb:25
  [1m[36mEmail Create (0.5ms)[0m  [1m[32mINSERT INTO "emails" ("object", "body", "created_at", "updated_at") VALUES ($1, $2, $3, $4) RETURNING "id"[0m  [["object", "Ah, Wilderness!"], ["body", "Ratione ipsam quia. Laudantium sapiente temporibus. Vel quibusdam quod."], ["created_at", "2020-05-28 20:40:46.196262"], ["updated_at", "2020-05-28 20:40:46.196262"]]
  ↳ db/seeds.rb:25
  [1m[35m (7.7ms)[0m  [1m[35mCOMMIT[0m
  ↳ db/seeds.rb:25
Started GET "/" for 127.0.0.1 at 2020-05-28 22:40:58 +0200
  [1m[35m (0.6ms)[0m  [1m[34mSELECT "schema_migrations"."version" FROM "schema_migrations" ORDER BY "schema_migrations"."version" ASC[0m
  ↳ /home/fufu/.rvm/gems/ruby-2.5.1/gems/activerecord-5.2.1/lib/active_record/log_subscriber.rb:98
Processing by EmailsController#index as HTML
  [1m[36mUser Load (113.4ms)[0m  [1m[34mSELECT  "users".* FROM "users" WHERE "users"."id" = $1 ORDER BY "users"."id" ASC LIMIT $2[0m  [["id", 1], ["LIMIT", 1]]
  ↳ /home/fufu/.rvm/gems/ruby-2.5.1/gems/activerecord-5.2.1/lib/active_record/log_subscriber.rb:98
  Rendering emails/index.html.erb within layouts/application
  [1m[36mEmail Load (0.7ms)[0m  [1m[34mSELECT "emails".* FROM "emails" ORDER BY "emails"."created_at" ASC[0m
  ↳ app/views/emails/index.html.erb:15
  Rendered emails/_email.html.erb (0.5ms)
  Rendered emails/_email.html.erb (0.1ms)
  Rendered emails/_email.html.erb (0.1ms)
  Rendered emails/_email.html.erb (0.1ms)
  Rendered emails/_email.html.erb (0.1ms)
  Rendered emails/_email.html.erb (0.1ms)
  Rendered emails/_email.html.erb (0.1ms)
  Rendered emails/_email.html.erb (0.1ms)
  Rendered emails/_email.html.erb (0.1ms)
  Rendered emails/_email.html.erb (0.1ms)
  Rendered emails/index.html.erb within layouts/application (22.0ms)
  Rendered layouts/_navbar.html.erb (1.2ms)
  Rendered layouts/_flash.html.erb (0.6ms)
Completed 200 OK in 6716ms (Views: 6574.9ms | ActiveRecord: 122.0ms)


Started GET "/emails/1" for 127.0.0.1 at 2020-05-28 22:42:22 +0200
Processing by EmailsController#show as JS
  Parameters: {"id"=>"1"}
  [1m[36mUser Load (0.7ms)[0m  [1m[34mSELECT  "users".* FROM "users" WHERE "users"."id" = $1 ORDER BY "users"."id" ASC LIMIT $2[0m  [["id", 1], ["LIMIT", 1]]
  ↳ /home/fufu/.rvm/gems/ruby-2.5.1/gems/activerecord-5.2.1/lib/active_record/log_subscriber.rb:98
  [1m[36mEmail Load (0.3ms)[0m  [1m[34mSELECT  "emails".* FROM "emails" WHERE "emails"."id" = $1 LIMIT $2[0m  [["id", 1], ["LIMIT", 1]]
  ↳ app/controllers/emails_controller.rb:8
  [1m[35m (0.1ms)[0m  [1m[35mBEGIN[0m
  ↳ app/controllers/emails_controller.rb:9
  [1m[36mEmail Update (0.3ms)[0m  [1m[33mUPDATE "emails" SET "read" = $1, "updated_at" = $2 WHERE "emails"."id" = $3[0m  [["read", true], ["updated_at", "2020-05-28 20:42:22.339017"], ["id", 1]]
  ↳ app/controllers/emails_controller.rb:9
  [1m[35m (26.0ms)[0m  [1m[35mCOMMIT[0m
  ↳ app/controllers/emails_controller.rb:9
  Rendering emails/show.js.erb
  Rendered emails/_show.html.erb (0.7ms)
  Rendered emails/show.js.erb (2.8ms)
Completed 200 OK in 42ms (Views: 7.5ms | ActiveRecord: 27.6ms)


Started GET "/emails/2" for 127.0.0.1 at 2020-05-28 22:42:23 +0200
Processing by EmailsController#show as JS
  Parameters: {"id"=>"2"}
  [1m[36mUser Load (0.3ms)[0m  [1m[34mSELECT  "users".* FROM "users" WHERE "users"."id" = $1 ORDER BY "users"."id" ASC LIMIT $2[0m  [["id", 1], ["LIMIT", 1]]
  ↳ /home/fufu/.rvm/gems/ruby-2.5.1/gems/activerecord-5.2.1/lib/active_record/log_subscriber.rb:98
  [1m[36mEmail Load (0.1ms)[0m  [1m[34mSELECT  "emails".* FROM "emails" WHERE "emails"."id" = $1 LIMIT $2[0m  [["id", 2], ["LIMIT", 1]]
  ↳ app/controllers/emails_controller.rb:8
  [1m[35m (0.4ms)[0m  [1m[35mBEGIN[0m
  ↳ app/controllers/emails_controller.rb:9
  [1m[36mEmail Update (0.2ms)[0m  [1m[33mUPDATE "emails" SET "read" = $1, "updated_at" = $2 WHERE "emails"."id" = $3[0m  [["read", true], ["updated_at", "2020-05-28 20:42:23.788826"], ["id", 2]]
  ↳ app/controllers/emails_controller.rb:9
  [1m[35m (30.4ms)[0m  [1m[35mCOMMIT[0m
  ↳ app/controllers/emails_controller.rb:9
  Rendering emails/show.js.erb
  Rendered emails/_show.html.erb (1.9ms)
  Rendered emails/show.js.erb (4.0ms)
Completed 200 OK in 48ms (Views: 10.8ms | ActiveRecord: 31.5ms)


Started GET "/emails/3" for 127.0.0.1 at 2020-05-28 22:42:24 +0200
Processing by EmailsController#show as JS
  Parameters: {"id"=>"3"}
  [1m[36mUser Load (0.4ms)[0m  [1m[34mSELECT  "users".* FROM "users" WHERE "users"."id" = $1 ORDER BY "users"."id" ASC LIMIT $2[0m  [["id", 1], ["LIMIT", 1]]
  ↳ /home/fufu/.rvm/gems/ruby-2.5.1/gems/activerecord-5.2.1/lib/active_record/log_subscriber.rb:98
  [1m[36mEmail Load (0.2ms)[0m  [1m[34mSELECT  "emails".* FROM "emails" WHERE "emails"."id" = $1 LIMIT $2[0m  [["id", 3], ["LIMIT", 1]]
  ↳ app/controllers/emails_controller.rb:8
  [1m[35m (0.1ms)[0m  [1m[35mBEGIN[0m
  ↳ app/controllers/emails_controller.rb:9
  [1m[36mEmail Update (0.3ms)[0m  [1m[33mUPDATE "emails" SET "read" = $1, "updated_at" = $2 WHERE "emails"."id" = $3[0m  [["read", true], ["updated_at", "2020-05-28 20:42:24.571113"], ["id", 3]]
  ↳ app/controllers/emails_controller.rb:9
  [1m[35m (22.9ms)[0m  [1m[35mCOMMIT[0m
  ↳ app/controllers/emails_controller.rb:9
  Rendering emails/show.js.erb
  Rendered emails/_show.html.erb (1.7ms)
  Rendered emails/show.js.erb (3.6ms)
Completed 200 OK in 39ms (Views: 8.6ms | ActiveRecord: 24.0ms)


Started GET "/emails/4" for 127.0.0.1 at 2020-05-28 22:42:25 +0200
Processing by EmailsController#show as JS
  Parameters: {"id"=>"4"}
  [1m[36mUser Load (0.4ms)[0m  [1m[34mSELECT  "users".* FROM "users" WHERE "users"."id" = $1 ORDER BY "users"."id" ASC LIMIT $2[0m  [["id", 1], ["LIMIT", 1]]
  ↳ /home/fufu/.rvm/gems/ruby-2.5.1/gems/activerecord-5.2.1/lib/active_record/log_subscriber.rb:98
  [1m[36mEmail Load (0.3ms)[0m  [1m[34mSELECT  "emails".* FROM "emails" WHERE "emails"."id" = $1 LIMIT $2[0m  [["id", 4], ["LIMIT", 1]]
  ↳ app/controllers/emails_controller.rb:8
  [1m[35m (0.2ms)[0m  [1m[35mBEGIN[0m
  ↳ app/controllers/emails_controller.rb:9
  [1m[36mEmail Update (0.3ms)[0m  [1m[33mUPDATE "emails" SET "read" = $1, "updated_at" = $2 WHERE "emails"."id" = $3[0m  [["read", true], ["updated_at", "2020-05-28 20:42:25.148529"], ["id", 4]]
  ↳ app/controllers/emails_controller.rb:9
  [1m[35m (46.0ms)[0m  [1m[35mCOMMIT[0m
  ↳ app/controllers/emails_controller.rb:9
  Rendering emails/show.js.erb
  Rendered emails/_show.html.erb (0.9ms)
  Rendered emails/show.js.erb (2.2ms)
Completed 200 OK in 62ms (Views: 7.8ms | ActiveRecord: 47.3ms)


Started GET "/emails/5" for 127.0.0.1 at 2020-05-28 22:42:25 +0200
Processing by EmailsController#show as JS
  Parameters: {"id"=>"5"}
  [1m[36mUser Load (0.4ms)[0m  [1m[34mSELECT  "users".* FROM "users" WHERE "users"."id" = $1 ORDER BY "users"."id" ASC LIMIT $2[0m  [["id", 1], ["LIMIT", 1]]
  ↳ /home/fufu/.rvm/gems/ruby-2.5.1/gems/activerecord-5.2.1/lib/active_record/log_subscriber.rb:98
  [1m[36mEmail Load (0.3ms)[0m  [1m[34mSELECT  "emails".* FROM "emails" WHERE "emails"."id" = $1 LIMIT $2[0m  [["id", 5], ["LIMIT", 1]]
  ↳ app/controllers/emails_controller.rb:8
  [1m[35m (0.1ms)[0m  [1m[35mBEGIN[0m
  ↳ app/controllers/emails_controller.rb:9
  [1m[36mEmail Update (0.3ms)[0m  [1m[33mUPDATE "emails" SET "read" = $1, "updated_at" = $2 WHERE "emails"."id" = $3[0m  [["read", true], ["updated_at", "2020-05-28 20:42:25.810683"], ["id", 5]]
  ↳ app/controllers/emails_controller.rb:9
  [1m[35m (15.6ms)[0m  [1m[35mCOMMIT[0m
  ↳ app/controllers/emails_controller.rb:9
  Rendering emails/show.js.erb
  Rendered emails/_show.html.erb (0.7ms)
  Rendered emails/show.js.erb (1.7ms)
Completed 200 OK in 33ms (Views: 7.7ms | ActiveRecord: 16.7ms)


Started GET "/emails/6" for 127.0.0.1 at 2020-05-28 22:42:26 +0200
Processing by EmailsController#show as JS
  Parameters: {"id"=>"6"}
  [1m[36mUser Load (0.4ms)[0m  [1m[34mSELECT  "users".* FROM "users" WHERE "users"."id" = $1 ORDER BY "users"."id" ASC LIMIT $2[0m  [["id", 1], ["LIMIT", 1]]
  ↳ /home/fufu/.rvm/gems/ruby-2.5.1/gems/activerecord-5.2.1/lib/active_record/log_subscriber.rb:98
  [1m[36mEmail Load (0.2ms)[0m  [1m[34mSELECT  "emails".* FROM "emails" WHERE "emails"."id" = $1 LIMIT $2[0m  [["id", 6], ["LIMIT", 1]]
  ↳ app/controllers/emails_controller.rb:8
  [1m[35m (0.1ms)[0m  [1m[35mBEGIN[0m
  ↳ app/controllers/emails_controller.rb:9
  [1m[36mEmail Update (0.2ms)[0m  [1m[33mUPDATE "emails" SET "read" = $1, "updated_at" = $2 WHERE "emails"."id" = $3[0m  [["read", true], ["updated_at", "2020-05-28 20:42:26.395946"], ["id", 6]]
  ↳ app/controllers/emails_controller.rb:9
  [1m[35m (29.9ms)[0m  [1m[35mCOMMIT[0m
  ↳ app/controllers/emails_controller.rb:9
  Rendering emails/show.js.erb
  Rendered emails/_show.html.erb (0.5ms)
  Rendered emails/show.js.erb (1.4ms)
Completed 200 OK in 41ms (Views: 4.9ms | ActiveRecord: 30.7ms)


Started GET "/emails/8" for 127.0.0.1 at 2020-05-28 22:42:27 +0200
Processing by EmailsController#show as JS
  Parameters: {"id"=>"8"}
  [1m[36mUser Load (0.3ms)[0m  [1m[34mSELECT  "users".* FROM "users" WHERE "users"."id" = $1 ORDER BY "users"."id" ASC LIMIT $2[0m  [["id", 1], ["LIMIT", 1]]
  ↳ /home/fufu/.rvm/gems/ruby-2.5.1/gems/activerecord-5.2.1/lib/active_record/log_subscriber.rb:98
  [1m[36mEmail Load (0.2ms)[0m  [1m[34mSELECT  "emails".* FROM "emails" WHERE "emails"."id" = $1 LIMIT $2[0m  [["id", 8], ["LIMIT", 1]]
  ↳ app/controllers/emails_controller.rb:8
  [1m[35m (0.1ms)[0m  [1m[35mBEGIN[0m
  ↳ app/controllers/emails_controller.rb:9
  [1m[36mEmail Update (0.3ms)[0m  [1m[33mUPDATE "emails" SET "read" = $1, "updated_at" = $2 WHERE "emails"."id" = $3[0m  [["read", true], ["updated_at", "2020-05-28 20:42:27.059201"], ["id", 8]]
  ↳ app/controllers/emails_controller.rb:9
  [1m[35m (21.5ms)[0m  [1m[35mCOMMIT[0m
  ↳ app/controllers/emails_controller.rb:9
  Rendering emails/show.js.erb
  Rendered emails/_show.html.erb (1.0ms)
  Rendered emails/show.js.erb (2.7ms)
Completed 200 OK in 34ms (Views: 6.5ms | ActiveRecord: 22.4ms)


Started GET "/emails/7" for 127.0.0.1 at 2020-05-28 22:42:28 +0200
Processing by EmailsController#show as JS
  Parameters: {"id"=>"7"}
  [1m[36mUser Load (0.3ms)[0m  [1m[34mSELECT  "users".* FROM "users" WHERE "users"."id" = $1 ORDER BY "users"."id" ASC LIMIT $2[0m  [["id", 1], ["LIMIT", 1]]
  ↳ /home/fufu/.rvm/gems/ruby-2.5.1/gems/activerecord-5.2.1/lib/active_record/log_subscriber.rb:98
  [1m[36mEmail Load (0.1ms)[0m  [1m[34mSELECT  "emails".* FROM "emails" WHERE "emails"."id" = $1 LIMIT $2[0m  [["id", 7], ["LIMIT", 1]]
  ↳ app/controllers/emails_controller.rb:8
  [1m[35m (0.1ms)[0m  [1m[35mBEGIN[0m
  ↳ app/controllers/emails_controller.rb:9
  [1m[36mEmail Update (0.2ms)[0m  [1m[33mUPDATE "emails" SET "read" = $1, "updated_at" = $2 WHERE "emails"."id" = $3[0m  [["read", true], ["updated_at", "2020-05-28 20:42:28.098188"], ["id", 7]]
  ↳ app/controllers/emails_controller.rb:9
  [1m[35m (25.4ms)[0m  [1m[35mCOMMIT[0m
  ↳ app/controllers/emails_controller.rb:9
  Rendering emails/show.js.erb
  Rendered emails/_show.html.erb (0.9ms)
  Rendered emails/show.js.erb (2.9ms)
Completed 200 OK in 38ms (Views: 6.9ms | ActiveRecord: 26.0ms)


Started GET "/emails/9" for 127.0.0.1 at 2020-05-28 22:42:29 +0200
Processing by EmailsController#show as JS
  Parameters: {"id"=>"9"}
  [1m[36mUser Load (0.3ms)[0m  [1m[34mSELECT  "users".* FROM "users" WHERE "users"."id" = $1 ORDER BY "users"."id" ASC LIMIT $2[0m  [["id", 1], ["LIMIT", 1]]
  ↳ /home/fufu/.rvm/gems/ruby-2.5.1/gems/activerecord-5.2.1/lib/active_record/log_subscriber.rb:98
  [1m[36mEmail Load (0.1ms)[0m  [1m[34mSELECT  "emails".* FROM "emails" WHERE "emails"."id" = $1 LIMIT $2[0m  [["id", 9], ["LIMIT", 1]]
  ↳ app/controllers/emails_controller.rb:8
  [1m[35m (0.1ms)[0m  [1m[35mBEGIN[0m
  ↳ app/controllers/emails_controller.rb:9
  [1m[36mEmail Update (0.2ms)[0m  [1m[33mUPDATE "emails" SET "read" = $1, "updated_at" = $2 WHERE "emails"."id" = $3[0m  [["read", true], ["updated_at", "2020-05-28 20:42:29.520336"], ["id", 9]]
  ↳ app/controllers/emails_controller.rb:9
  [1m[35m (45.7ms)[0m  [1m[35mCOMMIT[0m
  ↳ app/controllers/emails_controller.rb:9
  Rendering emails/show.js.erb
  Rendered emails/_show.html.erb (0.8ms)
  Rendered emails/show.js.erb (2.1ms)
Completed 200 OK in 59ms (Views: 7.4ms | ActiveRecord: 46.3ms)


Started PUT "/emails/9" for 127.0.0.1 at 2020-05-28 22:42:33 +0200
Processing by EmailsController#update as JS
  Parameters: {"id"=>"9"}
  [1m[36mUser Load (0.4ms)[0m  [1m[34mSELECT  "users".* FROM "users" WHERE "users"."id" = $1 ORDER BY "users"."id" ASC LIMIT $2[0m  [["id", 1], ["LIMIT", 1]]
  ↳ /home/fufu/.rvm/gems/ruby-2.5.1/gems/activerecord-5.2.1/lib/active_record/log_subscriber.rb:98
  [1m[36mEmail Load (0.2ms)[0m  [1m[34mSELECT  "emails".* FROM "emails" WHERE "emails"."id" = $1 LIMIT $2[0m  [["id", 9], ["LIMIT", 1]]
  ↳ app/controllers/emails_controller.rb:31
  [1m[35m (0.1ms)[0m  [1m[35mBEGIN[0m
  ↳ app/controllers/emails_controller.rb:32
  [1m[36mEmail Update (0.5ms)[0m  [1m[33mUPDATE "emails" SET "read" = $1, "updated_at" = $2 WHERE "emails"."id" = $3[0m  [["read", false], ["updated_at", "2020-05-28 20:42:33.109381"], ["id", 9]]
  ↳ app/controllers/emails_controller.rb:32
  [1m[35m (15.8ms)[0m  [1m[35mCOMMIT[0m
  ↳ app/controllers/emails_controller.rb:32
  Rendering emails/update.js.erb
  Rendered emails/update.js.erb (0.7ms)
Completed 200 OK in 30ms (Views: 5.7ms | ActiveRecord: 17.0ms)


Started DELETE "/emails/9" for 127.0.0.1 at 2020-05-28 22:42:34 +0200
Processing by EmailsController#destroy as JS
  Parameters: {"id"=>"9"}
  [1m[36mUser Load (0.3ms)[0m  [1m[34mSELECT  "users".* FROM "users" WHERE "users"."id" = $1 ORDER BY "users"."id" ASC LIMIT $2[0m  [["id", 1], ["LIMIT", 1]]
  ↳ /home/fufu/.rvm/gems/ruby-2.5.1/gems/activerecord-5.2.1/lib/active_record/log_subscriber.rb:98
  [1m[36mEmail Load (0.1ms)[0m  [1m[34mSELECT  "emails".* FROM "emails" WHERE "emails"."id" = $1 LIMIT $2[0m  [["id", 9], ["LIMIT", 1]]
  ↳ app/controllers/emails_controller.rb:40
  [1m[35m (0.1ms)[0m  [1m[35mBEGIN[0m
  ↳ app/controllers/emails_controller.rb:41
  [1m[36mEmail Destroy (0.2ms)[0m  [1m[31mDELETE FROM "emails" WHERE "emails"."id" = $1[0m  [["id", 9]]
  ↳ app/controllers/emails_controller.rb:41
  [1m[35m (23.6ms)[0m  [1m[35mCOMMIT[0m
  ↳ app/controllers/emails_controller.rb:41
  Rendering emails/destroy.js.erb
  Rendered emails/destroy.js.erb (0.6ms)
Completed 200 OK in 33ms (Views: 4.3ms | ActiveRecord: 24.2ms)


Started GET "/emails/10" for 127.0.0.1 at 2020-05-28 22:42:36 +0200
Processing by EmailsController#show as JS
  Parameters: {"id"=>"10"}
  [1m[36mUser Load (0.4ms)[0m  [1m[34mSELECT  "users".* FROM "users" WHERE "users"."id" = $1 ORDER BY "users"."id" ASC LIMIT $2[0m  [["id", 1], ["LIMIT", 1]]
  ↳ /home/fufu/.rvm/gems/ruby-2.5.1/gems/activerecord-5.2.1/lib/active_record/log_subscriber.rb:98
  [1m[36mEmail Load (0.2ms)[0m  [1m[34mSELECT  "emails".* FROM "emails" WHERE "emails"."id" = $1 LIMIT $2[0m  [["id", 10], ["LIMIT", 1]]
  ↳ app/controllers/emails_controller.rb:8
  [1m[35m (0.1ms)[0m  [1m[35mBEGIN[0m
  ↳ app/controllers/emails_controller.rb:9
  [1m[36mEmail Update (0.3ms)[0m  [1m[33mUPDATE "emails" SET "read" = $1, "updated_at" = $2 WHERE "emails"."id" = $3[0m  [["read", true], ["updated_at", "2020-05-28 20:42:36.244486"], ["id", 10]]
  ↳ app/controllers/emails_controller.rb:9
  [1m[35m (32.0ms)[0m  [1m[35mCOMMIT[0m
  ↳ app/controllers/emails_controller.rb:9
  Rendering emails/show.js.erb
  Rendered emails/_show.html.erb (1.5ms)
  Rendered emails/show.js.erb (3.9ms)
Completed 200 OK in 50ms (Views: 9.2ms | ActiveRecord: 33.1ms)


Started GET "/emails/1" for 127.0.0.1 at 2020-05-28 22:42:38 +0200
Processing by EmailsController#show as JS
  Parameters: {"id"=>"1"}
  [1m[36mUser Load (0.4ms)[0m  [1m[34mSELECT  "users".* FROM "users" WHERE "users"."id" = $1 ORDER BY "users"."id" ASC LIMIT $2[0m  [["id", 1], ["LIMIT", 1]]
  ↳ /home/fufu/.rvm/gems/ruby-2.5.1/gems/activerecord-5.2.1/lib/active_record/log_subscriber.rb:98
  [1m[36mEmail Load (0.2ms)[0m  [1m[34mSELECT  "emails".* FROM "emails" WHERE "emails"."id" = $1 LIMIT $2[0m  [["id", 1], ["LIMIT", 1]]
  ↳ app/controllers/emails_controller.rb:8
  [1m[35m (0.1ms)[0m  [1m[35mBEGIN[0m
  ↳ app/controllers/emails_controller.rb:9
  [1m[35m (0.1ms)[0m  [1m[35mCOMMIT[0m
  ↳ app/controllers/emails_controller.rb:9
  Rendering emails/show.js.erb
  Rendered emails/_show.html.erb (0.6ms)
  Rendered emails/show.js.erb (1.4ms)
Completed 200 OK in 7ms (Views: 3.2ms | ActiveRecord: 0.8ms)


Started POST "/emails" for 127.0.0.1 at 2020-05-28 22:42:43 +0200
Processing by EmailsController#create as JS
  Parameters: {"authenticity_token"=>"jr5DBuXa/jqhXOQb0VjwufAfDs6z/4ynXOgV+4pHKH57fvWj2W9SemnWPWg4sHQ1i+GIpTRdAC/i+WVwDM7Smg=="}
  [1m[36mUser Load (0.3ms)[0m  [1m[34mSELECT  "users".* FROM "users" WHERE "users"."id" = $1 ORDER BY "users"."id" ASC LIMIT $2[0m  [["id", 1], ["LIMIT", 1]]
  ↳ /home/fufu/.rvm/gems/ruby-2.5.1/gems/activerecord-5.2.1/lib/active_record/log_subscriber.rb:98
  [1m[35m (0.2ms)[0m  [1m[35mBEGIN[0m
  ↳ app/controllers/emails_controller.rb:19
  [1m[36mEmail Create (0.3ms)[0m  [1m[32mINSERT INTO "emails" ("object", "body", "created_at", "updated_at") VALUES ($1, $2, $3, $4) RETURNING "id"[0m  [["object", "Paths of Glory"], ["body", "Itaque minus et. Consectetur qui voluptatem. Omnis deserunt aperiam."], ["created_at", "2020-05-28 20:42:43.208541"], ["updated_at", "2020-05-28 20:42:43.208541"]]
  ↳ app/controllers/emails_controller.rb:19
  [1m[35m (12.5ms)[0m  [1m[35mCOMMIT[0m
  ↳ app/controllers/emails_controller.rb:19
  Rendering emails/create.js.erb
  Rendered emails/_email.html.erb (0.7ms)
  Rendered emails/create.js.erb (2.3ms)
Completed 200 OK in 115ms (Views: 6.9ms | ActiveRecord: 13.4ms)


